<?xml version="1.0" encoding="UTF-8"?>
<testsuite name="com.devsu.demoblaze.features.BuyProductsTest" tests="1" skipped="0" failures="0" errors="0" timestamp="2023-05-05T21:12:45" hostname="ip-192-168-20-42.us-east-2.compute.internal" time="74.625">
  <properties/>
  <testcase name="el_Usuario_Compra_Productos_De_Manera_Correcta" classname="com.devsu.demoblaze.features.BuyProductsTest" time="74.625"/>
  <system-out><![CDATA[]]></system-out>
  <system-err><![CDATA[SLF4J: Failed to load class "org.slf4j.impl.StaticLoggerBinder".
SLF4J: Defaulting to no-operation (NOP) logger implementation
SLF4J: See http://www.slf4j.org/codes.html#StaticLoggerBinder for further details.
Starting ChromeDriver 113.0.5672.63 (0e1a4471d5ae5bf128b1bd8f4d627c8cbd55f70c-refs/branch-heads/5672@{#912}) on port 43051
Only local connections are allowed.
Please see https://chromedriver.chromium.org/security-considerations for suggestions on keeping ChromeDriver safe.
ChromeDriver was started successfully.
may 05, 2023 4:12:52 PM org.openqa.selenium.remote.ProtocolHandshake createSession
INFORMACIÓN: Detected dialect: W3C
]]></system-err>
</testsuite>
